🚀 Starting batch question generation...
Found 32 subcategories.

Header: [1/32] Processing: Product Design (Product Thinking)
   - Stage 1: ✅ Already has 10 questions.
   - Stage 2: ✅ Already has 10 questions.
   - Stage 3: ⏳ Generating questions (Medium, 4-6 years)...
     ✅ Generated and saved 10 questions.
   - Stage 4: ⏳ Generating questions (Medium-Hard, 6-8 years)...
     ✅ Generated and saved 10 questions.
   - Stage 5: ⏳ Generating questions (Hard, 8-10 years)...
     ✅ Generated and saved 10 questions.

Header: [2/32] Processing: Product Strategy (Product Thinking)
   - Stage 1: ⏳ Generating questions (Easy, 1-2 years)...
     ✅ Generated and saved 8 questions.
   - Stage 2: ⏳ Generating questions (Easy-Medium, 2-4 years)...
     ✅ Generated and saved 8 questions.
   - Stage 3: ⏳ Generating questions (Medium, 4-6 years)...
     ✅ Generated and saved 8 questions.
   - Stage 4: ⏳ Generating questions (Medium-Hard, 6-8 years)...
     ✅ Generated and saved 8 questions.
   - Stage 5: ⏳ Generating questions (Hard, 8-10 years)...
     ✅ Generated and saved 8 questions.

Header: [3/32] Processing: Product Discovery (Product Thinking)
   - Stage 1: ⏳ Generating questions (Easy, 1-2 years)...
     ✅ Generated and saved 8 questions.
   - Stage 2: ⏳ Generating questions (Easy-Medium, 2-4 years)...
     ✅ Generated and saved 8 questions.
   - Stage 3: ⏳ Generating questions (Medium, 4-6 years)...
     ✅ Generated and saved 8 questions.
   - Stage 4: ⏳ Generating questions (Medium-Hard, 6-8 years)...
     ✅ Generated and saved 8 questions.
   - Stage 5: ⏳ Generating questions (Hard, 8-10 years)...
     ✅ Generated and saved 8 questions.

Header: [4/32] Processing: MVP Scoping (Product Thinking)
   - Stage 1: ⏳ Generating questions (Easy, 1-2 years)...
     ✅ Generated and saved 6 questions.
   - Stage 2: ⏳ Generating questions (Easy-Medium, 2-4 years)...
     ✅ Generated and saved 6 questions.
   - Stage 3: ⏳ Generating questions (Medium, 4-6 years)...
     ✅ Generated and saved 6 questions.
   - Stage 4: ⏳ Generating questions (Medium-Hard, 6-8 years)...
     ✅ Generated and saved 6 questions.
   - Stage 5: ⏳ Generating questions (Hard, 8-10 years)...
     ✅ Generated and saved 6 questions.

Header: [5/32] Processing: Feature Prioritization (Product Thinking)
   - Stage 1: ⏳ Generating questions (Easy, 1-2 years)...
     ✅ Generated and saved 10 questions.
   - Stage 2: ⏳ Generating questions (Easy-Medium, 2-4 years)...
     ✅ Generated and saved 10 questions.
   - Stage 3: ⏳ Generating questions (Medium, 4-6 years)...
     ✅ Generated and saved 10 questions.
   - Stage 4: ⏳ Generating questions (Medium-Hard, 6-8 years)...
     ✅ Generated and saved 10 questions.
   - Stage 5: ⏳ Generating questions (Hard, 8-10 years)...
     ✅ Generated and saved 10 questions.

Header: [6/32] Processing: Product Metrics / KPI Design (Product Thinking)
   - Stage 1: ⏳ Generating questions (Easy, 1-2 years)...
     ✅ Generated and saved 8 questions.
   - Stage 2: ⏳ Generating questions (Easy-Medium, 2-4 years)...
     ✅ Generated and saved 8 questions.
   - Stage 3: ⏳ Generating questions (Medium, 4-6 years)...
     ✅ Generated and saved 8 questions.
   - Stage 4: ⏳ Generating questions (Medium-Hard, 6-8 years)...
     ✅ Generated and saved 8 questions.
   - Stage 5: ⏳ Generating questions (Hard, 8-10 years)...
     ✅ Generated and saved 8 questions.

Header: [7/32] Processing: Analytical Thinking (Analytics for PMs)
   - Stage 1: ⏳ Generating questions (Easy, 1-2 years)...
     ✅ Generated and saved 8 questions.
   - Stage 2: ⏳ Generating questions (Easy-Medium, 2-4 years)...
     ✅ Generated and saved 8 questions.
   - Stage 3: ⏳ Generating questions (Medium, 4-6 years)...
     ✅ Generated and saved 8 questions.
   - Stage 4: ⏳ Generating questions (Medium-Hard, 6-8 years)...
     ✅ Generated and saved 8 questions.
   - Stage 5: ⏳ Generating questions (Hard, 8-10 years)...
     ✅ Generated and saved 8 questions.

Header: [8/32] Processing: A/B Testing & Experimentation (Analytics for PMs)
   - Stage 1: ⏳ Generating questions (Easy, 1-2 years)...
     ✅ Generated and saved 10 questions.
   - Stage 2: ⏳ Generating questions (Easy-Medium, 2-4 years)...
     ✅ Generated and saved 10 questions.
   - Stage 3: ⏳ Generating questions (Medium, 4-6 years)...
     ✅ Generated and saved 10 questions.
   - Stage 4: ⏳ Generating questions (Medium-Hard, 6-8 years)...
     ✅ Generated and saved 10 questions.
   - Stage 5: ⏳ Generating questions (Hard, 8-10 years)...
     ✅ Generated and saved 10 questions.

Header: [9/32] Processing: Metrics Interpretation (Analytics for PMs)
   - Stage 1: ⏳ Generating questions (Easy, 1-2 years)...
     ✅ Generated and saved 8 questions.
   - Stage 2: ⏳ Generating questions (Easy-Medium, 2-4 years)...
     ✅ Generated and saved 8 questions.
   - Stage 3: ⏳ Generating questions (Medium, 4-6 years)...
     ✅ Generated and saved 8 questions.
   - Stage 4: ⏳ Generating questions (Medium-Hard, 6-8 years)...
     ✅ Generated and saved 8 questions.
   - Stage 5: ⏳ Generating questions (Hard, 8-10 years)...
     ✅ Generated and saved 8 questions.

Header: [10/32] Processing: Funnel Analysis (Analytics for PMs)
   - Stage 1: ⏳ Generating questions (Easy, 1-2 years)...
     ✅ Generated and saved 8 questions.
   - Stage 2: ⏳ Generating questions (Easy-Medium, 2-4 years)...
     ✅ Generated and saved 8 questions.
   - Stage 3: ⏳ Generating questions (Medium, 4-6 years)...
     ✅ Generated and saved 8 questions.
   - Stage 4: ⏳ Generating questions (Medium-Hard, 6-8 years)...
     ✅ Generated and saved 8 questions.
   - Stage 5: ⏳ Generating questions (Hard, 8-10 years)...
     ✅ Generated and saved 8 questions.

Header: [11/32] Processing: North Star Metrics (Analytics for PMs)
   - Stage 1: ⏳ Generating questions (Easy, 1-2 years)...
     ✅ Generated and saved 6 questions.
   - Stage 2: ⏳ Generating questions (Easy-Medium, 2-4 years)...
     ✅ Generated and saved 6 questions.
   - Stage 3: ⏳ Generating questions (Medium, 4-6 years)...
     ✅ Generated and saved 6 questions.
   - Stage 4: ⏳ Generating questions (Medium-Hard, 6-8 years)...
     ✅ Generated and saved 6 questions.
   - Stage 5: ⏳ Generating questions (Hard, 8-10 years)...
     ✅ Generated and saved 6 questions.

Header: [12/32] Processing: Stakeholder Management (Behavioral & Collaboration)
   - Stage 1: ⏳ Generating questions (Easy, 1-2 years)...
     ✅ Generated and saved 8 questions.
   - Stage 2: ⏳ Generating questions (Easy-Medium, 2-4 years)...
     ✅ Generated and saved 8 questions.
   - Stage 3: ⏳ Generating questions (Medium, 4-6 years)...
     ✅ Generated and saved 8 questions.
   - Stage 4: ⏳ Generating questions (Medium-Hard, 6-8 years)...
     ✅ Generated and saved 8 questions.
   - Stage 5: ⏳ Generating questions (Hard, 8-10 years)...
     ✅ Generated and saved 8 questions.

Header: [13/32] Processing: Cross-Functional Collaboration (Behavioral & Collaboration)
   - Stage 1: ⏳ Generating questions (Easy, 1-2 years)...
     ✅ Generated and saved 8 questions.
   - Stage 2: ⏳ Generating questions (Easy-Medium, 2-4 years)...
     ✅ Generated and saved 8 questions.
   - Stage 3: ⏳ Generating questions (Medium, 4-6 years)...
     ✅ Generated and saved 8 questions.
   - Stage 4: ⏳ Generating questions (Medium-Hard, 6-8 years)...
     ✅ Generated and saved 8 questions.
   - Stage 5: ⏳ Generating questions (Hard, 8-10 years)...
     ✅ Generated and saved 8 questions.

Header: [14/32] Processing: Conflict Resolution (Behavioral & Collaboration)
   - Stage 1: ⏳ Generating questions (Easy, 1-2 years)...
     ✅ Generated and saved 6 questions.
   - Stage 2: ⏳ Generating questions (Easy-Medium, 2-4 years)...
     ✅ Generated and saved 6 questions.
   - Stage 3: ⏳ Generating questions (Medium, 4-6 years)...
     ✅ Generated and saved 6 questions.
   - Stage 4: ⏳ Generating questions (Medium-Hard, 6-8 years)...
     ✅ Generated and saved 6 questions.
   - Stage 5: ⏳ Generating questions (Hard, 8-10 years)...
     ✅ Generated and saved 6 questions.

Header: [15/32] Processing: Leadership & Ownership (Behavioral & Collaboration)
   - Stage 1: ⏳ Generating questions (Easy, 1-2 years)...
     ✅ Generated and saved 8 questions.
   - Stage 2: ⏳ Generating questions (Easy-Medium, 2-4 years)...
     ✅ Generated and saved 8 questions.
   - Stage 3: ⏳ Generating questions (Medium, 4-6 years)...
     ✅ Generated and saved 8 questions.
   - Stage 4: ⏳ Generating questions (Medium-Hard, 6-8 years)...
     ✅ Generated and saved 8 questions.
   - Stage 5: ⏳ Generating questions (Hard, 8-10 years)...
     ✅ Generated and saved 8 questions.

Header: [16/32] Processing: Decision Making (Behavioral & Collaboration)
   - Stage 1: ⏳ Generating questions (Easy, 1-2 years)...
     ✅ Generated and saved 6 questions.
   - Stage 2: ⏳ Generating questions (Easy-Medium, 2-4 years)...
     ✅ Generated and saved 6 questions.
   - Stage 3: ⏳ Generating questions (Medium, 4-6 years)...
     ✅ Generated and saved 6 questions.
   - Stage 4: ⏳ Generating questions (Medium-Hard, 6-8 years)...
     ✅ Generated and saved 6 questions.
   - Stage 5: ⏳ Generating questions (Hard, 8-10 years)...
     ✅ Generated and saved 6 questions.

Header: [17/32] Processing: Roadmapping (Execution & Delivery)
   - Stage 1: ⏳ Generating questions (Easy, 1-2 years)...
     ✅ Generated and saved 8 questions.
   - Stage 2: ⏳ Generating questions (Easy-Medium, 2-4 years)...
     ✅ Generated and saved 8 questions.
   - Stage 3: ⏳ Generating questions (Medium, 4-6 years)...
     ✅ Generated and saved 8 questions.
   - Stage 4: ⏳ Generating questions (Medium-Hard, 6-8 years)...
     ✅ Generated and saved 8 questions.
   - Stage 5: ⏳ Generating questions (Hard, 8-10 years)...
     ✅ Generated and saved 8 questions.

Header: [18/32] Processing: Tradeoff Decisions (Execution & Delivery)
   - Stage 1: ⏳ Generating questions (Easy, 1-2 years)...
     ✅ Generated and saved 10 questions.
   - Stage 2: ⏳ Generating questions (Easy-Medium, 2-4 years)...
     ✅ Generated and saved 10 questions.
   - Stage 3: ⏳ Generating questions (Medium, 4-6 years)...
     ✅ Generated and saved 10 questions.
   - Stage 4: ⏳ Generating questions (Medium-Hard, 6-8 years)...
     ✅ Generated and saved 10 questions.
   - Stage 5: ⏳ Generating questions (Hard, 8-10 years)...
     ✅ Generated and saved 10 questions.

Header: [19/32] Processing: Requirement Clarity (Execution & Delivery)
   - Stage 1: ⏳ Generating questions (Easy, 1-2 years)...
     ✅ Generated and saved 8 questions.
   - Stage 2: ⏳ Generating questions (Easy-Medium, 2-4 years)...
     ✅ Generated and saved 8 questions.
   - Stage 3: ⏳ Generating questions (Medium, 4-6 years)...
     ✅ Generated and saved 8 questions.
   - Stage 4: ⏳ Generating questions (Medium-Hard, 6-8 years)...
     ✅ Generated and saved 8 questions.
   - Stage 5: ⏳ Generating questions (Hard, 8-10 years)...
     ✅ Generated and saved 8 questions.

Header: [20/32] Processing: Launch Planning (Execution & Delivery)
   - Stage 1: ⏳ Generating questions (Easy, 1-2 years)...
     ✅ Generated and saved 6 questions.
   - Stage 2: ⏳ Generating questions (Easy-Medium, 2-4 years)...
     ✅ Generated and saved 6 questions.
   - Stage 3: ⏳ Generating questions (Medium, 4-6 years)...
     ✅ Generated and saved 6 questions.
   - Stage 4: ⏳ Generating questions (Medium-Hard, 6-8 years)...
     ✅ Generated and saved 6 questions.
   - Stage 5: ⏳ Generating questions (Hard, 8-10 years)...
     ✅ Generated and saved 6 questions.

Header: [21/32] Processing: Risk Management (Execution & Delivery)
   - Stage 1: ⏳ Generating questions (Easy, 1-2 years)...
     ✅ Generated and saved 6 questions.
   - Stage 2: ⏳ Generating questions (Easy-Medium, 2-4 years)...
     ✅ Generated and saved 6 questions.
   - Stage 3: ⏳ Generating questions (Medium, 4-6 years)...
     ✅ Generated and saved 6 questions.
   - Stage 4: ⏳ Generating questions (Medium-Hard, 6-8 years)...
     ✅ Generated and saved 6 questions.
   - Stage 5: ⏳ Generating questions (Hard, 8-10 years)...
     ✅ Generated and saved 6 questions.

Header: [22/32] Processing: APIs & Integrations (Technical for PMs)
   - Stage 1: ⏳ Generating questions (Easy, 1-2 years)...
     ✅ Generated and saved 6 questions.
   - Stage 2: ⏳ Generating questions (Easy-Medium, 2-4 years)...
     ✅ Generated and saved 6 questions.
   - Stage 3: ⏳ Generating questions (Medium, 4-6 years)...
     ✅ Generated and saved 6 questions.
   - Stage 4: ⏳ Generating questions (Medium-Hard, 6-8 years)...
     ✅ Generated and saved 6 questions.
   - Stage 5: ⏳ Generating questions (Hard, 8-10 years)...
     ✅ Generated and saved 6 questions.

Header: [23/32] Processing: System Design (High Level) (Technical for PMs)
   - Stage 1: ⏳ Generating questions (Easy, 1-2 years)...
     ✅ Generated and saved 10 questions.
   - Stage 2: ⏳ Generating questions (Easy-Medium, 2-4 years)...
     ✅ Generated and saved 10 questions.
   - Stage 3: ⏳ Generating questions (Medium, 4-6 years)...
     ✅ Generated and saved 10 questions.
   - Stage 4: ⏳ Generating questions (Medium-Hard, 6-8 years)...
     ✅ Generated and saved 10 questions.
   - Stage 5: ⏳ Generating questions (Hard, 8-10 years)...
     ✅ Generated and saved 10 questions.

Header: [24/32] Processing: Scalability Basics (Technical for PMs)
   - Stage 1: ⏳ Generating questions (Easy, 1-2 years)...
     ✅ Generated and saved 8 questions.
   - Stage 2: ⏳ Generating questions (Easy-Medium, 2-4 years)...
     ✅ Generated and saved 8 questions.
   - Stage 3: ⏳ Generating questions (Medium, 4-6 years)...
     ✅ Generated and saved 8 questions.
   - Stage 4: ⏳ Generating questions (Medium-Hard, 6-8 years)...
     ✅ Generated and saved 8 questions.
   - Stage 5: ⏳ Generating questions (Hard, 8-10 years)...
     ✅ Generated and saved 8 questions.

Header: [25/32] Processing: Data Modeling Basics (Technical for PMs)
   - Stage 1: ⏳ Generating questions (Easy, 1-2 years)...
     ✅ Generated and saved 6 questions.
   - Stage 2: ⏳ Generating questions (Easy-Medium, 2-4 years)...
     ✅ Generated and saved 6 questions.
   - Stage 3: ⏳ Generating questions (Medium, 4-6 years)...
     ✅ Generated and saved 6 questions.
   - Stage 4: ⏳ Generating questions (Medium-Hard, 6-8 years)...
     ✅ Generated and saved 6 questions.
   - Stage 5: ⏳ Generating questions (Hard, 8-10 years)...
     ✅ Generated and saved 6 questions.

Header: [26/32] Processing: App Critique (Product Case & Critique)
   - Stage 1: ⏳ Generating questions (Easy, 1-2 years)...
     ✅ Generated and saved 10 questions.
   - Stage 2: ⏳ Generating questions (Easy-Medium, 2-4 years)...
     ✅ Generated and saved 10 questions.
   - Stage 3: ⏳ Generating questions (Medium, 4-6 years)...
     ✅ Generated and saved 10 questions.
   - Stage 4: ⏳ Generating questions (Medium-Hard, 6-8 years)...
     ✅ Generated and saved 10 questions.
   - Stage 5: ⏳ Generating questions (Hard, 8-10 years)...
     ✅ Generated and saved 10 questions.

Header: [27/32] Processing: Feature Improvement (Product Case & Critique)
   - Stage 1: ⏳ Generating questions (Easy, 1-2 years)...
     ✅ Generated and saved 10 questions.
   - Stage 2: ⏳ Generating questions (Easy-Medium, 2-4 years)...
     ✅ Generated and saved 10 questions.
   - Stage 3: ⏳ Generating questions (Medium, 4-6 years)...
     ✅ Generated and saved 10 questions.
   - Stage 4: ⏳ Generating questions (Medium-Hard, 6-8 years)...
     ✅ Generated and saved 10 questions.
   - Stage 5: ⏳ Generating questions (Hard, 8-10 years)...
     ✅ Generated and saved 10 questions.

Header: [28/32] Processing: Competitive Analysis (Product Case & Critique)
   - Stage 1: ⏳ Generating questions (Easy, 1-2 years)...
     ✅ Generated and saved 8 questions.
   - Stage 2: ⏳ Generating questions (Easy-Medium, 2-4 years)...
     ✅ Generated and saved 8 questions.
   - Stage 3: ⏳ Generating questions (Medium, 4-6 years)...
     ✅ Generated and saved 8 questions.
   - Stage 4: ⏳ Generating questions (Medium-Hard, 6-8 years)...
     ✅ Generated and saved 8 questions.
   - Stage 5: ⏳ Generating questions (Hard, 8-10 years)...
     ✅ Generated and saved 8 questions.

Header: [29/32] Processing: User Persona Problems (Product Case & Critique)
   - Stage 1: ⏳ Generating questions (Easy, 1-2 years)...
     ✅ Generated and saved 8 questions.
   - Stage 2: ⏳ Generating questions (Easy-Medium, 2-4 years)...
     ✅ Generated and saved 8 questions.
   - Stage 3: ⏳ Generating questions (Medium, 4-6 years)...
     ✅ Generated and saved 8 questions.
   - Stage 4: ⏳ Generating questions (Medium-Hard, 6-8 years)...
     ✅ Generated and saved 8 questions.
   - Stage 5: ⏳ Generating questions (Hard, 8-10 years)...
     ✅ Generated and saved 8 questions.

Header: [30/32] Processing: SQL for PMs (Deeper Data Skills)
   - Stage 1: ⏳ Generating questions (Easy, 1-2 years)...
     ✅ Generated and saved 10 questions.
   - Stage 2: ⏳ Generating questions (Easy-Medium, 2-4 years)...
     ✅ Generated and saved 10 questions.
   - Stage 3: ⏳ Generating questions (Medium, 4-6 years)...
     ✅ Generated and saved 10 questions.
   - Stage 4: ⏳ Generating questions (Medium-Hard, 6-8 years)...
     ✅ Generated and saved 10 questions.
   - Stage 5: ⏳ Generating questions (Hard, 8-10 years)...
     ✅ Generated and saved 10 questions.

Header: [31/32] Processing: Cohort Analysis (Deeper Data Skills)
   - Stage 1: ⏳ Generating questions (Easy, 1-2 years)...
     ✅ Generated and saved 8 questions.
   - Stage 2: ⏳ Generating questions (Easy-Medium, 2-4 years)...
     ✅ Generated and saved 8 questions.
   - Stage 3: ⏳ Generating questions (Medium, 4-6 years)...
     ✅ Generated and saved 8 questions.
   - Stage 4: ⏳ Generating questions (Medium-Hard, 6-8 years)...
     ✅ Generated and saved 8 questions.
   - Stage 5: ⏳ Generating questions (Hard, 8-10 years)...
     ✅ Generated and saved 8 questions.

Header: [32/32] Processing: Metrics Debugging (Deeper Data Skills)
   - Stage 1: ⏳ Generating questions (Easy, 1-2 years)...
     ✅ Generated and saved 8 questions.
   - Stage 2: ⏳ Generating questions (Easy-Medium, 2-4 years)...
     ✅ Generated and saved 8 questions.
   - Stage 3: ⏳ Generating questions (Medium, 4-6 years)...
     ✅ Generated and saved 8 questions.
   - Stage 4: ⏳ Generating questions (Medium-Hard, 6-8 years)...
     ✅ Generated and saved 8 questions.
   - Stage 5: ⏳ Generating questions (Hard, 8-10 years)...
     ✅ Generated and saved 8 questions.

🎉 Batch generation complete! Total questions generated: 1260
